Performing C SOURCE FILE Test CMAKE_HAVE_LIBC_PTHREAD failed with the following output:
Change Dir: C:/Users/wdwe_/Documents/GitHub/DanielsAst390/build/CMakeFiles/CMakeScratch/TryCompile-zdp6bb

Run Build Command(s):C:/Program Files (x86)/Microsoft Visual Studio/2022/BuildTools/MSBuild/Current/Bin/amd64/MSBuild.exe cmTC_f0ae3.vcxproj /p:Configuration=Debug /p:Platform=x64 /p:VisualStudioVersion=17.0 /v:m && MSBuild version 17.4.1+9a89d02ff for .NET Framework
  Microsoft (R) C/C++ Optimizing Compiler Version 19.34.31937 for x64
  Copyright (C) Microsoft Corporation.  All rights reserved.
  src.c
  cl /c /Zi /W3 /WX- /diagnostics:column /Od /Ob0 /D _MBCS /D WIN32 /D _WINDOWS /D CMAKE_HAVE_LIBC_PTHREAD /D "CMAKE_INTDIR=\"Debug\"" /Gm- /RTC1 /MDd /GS /fp:precise /Zc:wchar_t /Zc:forScope /Zc:inline /Fo"cmTC_f0ae3.dir\Debug\\" /Fd"cmTC_f0ae3.dir\Debug\vc143.pdb" /external:W3 /Gd /TC /errorReport:queue "C:\Users\wdwe_\Documents\GitHub\DanielsAst390\build\CMakeFiles\CMakeScratch\TryCompile-zdp6bb\src.c"
C:\Users\wdwe_\Documents\GitHub\DanielsAst390\build\CMakeFiles\CMakeScratch\TryCompile-zdp6bb\src.c(1,10): fatal  error C1083: Cannot open include file: 'pthread.h': No such file or directory [C:\Users\wdwe_\Documents\GitHub\DanielsAst390\build\CMakeFiles\CMakeScratch\TryCompile-zdp6bb\cmTC_f0ae3.vcxproj]


Source file was:
#include <pthread.h>

static void* test_func(void* data)
{
  return data;
}

int main(void)
{
  pthread_t thread;
  pthread_create(&thread, NULL, test_func, NULL);
  pthread_detach(thread);
  pthread_cancel(thread);
  pthread_join(thread, NULL);
  pthread_atfork(NULL, NULL, NULL);
  pthread_exit(NULL);

  return 0;
}


Determining if the function pthread_create exists in the pthreads failed with the following output:
Change Dir: C:/Users/wdwe_/Documents/GitHub/DanielsAst390/build/CMakeFiles/CMakeScratch/TryCompile-6vs5pk

Run Build Command(s):C:/Program Files (x86)/Microsoft Visual Studio/2022/BuildTools/MSBuild/Current/Bin/amd64/MSBuild.exe cmTC_fda9c.vcxproj /p:Configuration=Debug /p:Platform=x64 /p:VisualStudioVersion=17.0 /v:m && MSBuild version 17.4.1+9a89d02ff for .NET Framework
  Microsoft (R) C/C++ Optimizing Compiler Version 19.34.31937 for x64
  Copyright (C) Microsoft Corporation.  All rights reserved.
  CheckFunctionExists.c
  cl /c /Zi /W3 /WX- /diagnostics:column /Od /Ob0 /D _MBCS /D WIN32 /D _WINDOWS /D CHECK_FUNCTION_EXISTS=pthread_create /D "CMAKE_INTDIR=\"Debug\"" /Gm- /RTC1 /MDd /GS /fp:precise /Zc:wchar_t /Zc:forScope /Zc:inline /Fo"cmTC_fda9c.dir\Debug\\" /Fd"cmTC_fda9c.dir\Debug\vc143.pdb" /external:W3 /Gd /TC /errorReport:queue "C:\Users\wdwe_\Documents\GitHub\DanielsAst390\build\CMakeFiles\CMakeScratch\TryCompile-6vs5pk\CheckFunctionExists.c"
LINK : fatal error LNK1104: cannot open file 'pthreads.lib' [C:\Users\wdwe_\Documents\GitHub\DanielsAst390\build\CMakeFiles\CMakeScratch\TryCompile-6vs5pk\cmTC_fda9c.vcxproj]



Determining if the function pthread_create exists in the pthread failed with the following output:
Change Dir: C:/Users/wdwe_/Documents/GitHub/DanielsAst390/build/CMakeFiles/CMakeScratch/TryCompile-1vyw26

Run Build Command(s):C:/Program Files (x86)/Microsoft Visual Studio/2022/BuildTools/MSBuild/Current/Bin/amd64/MSBuild.exe cmTC_c3acd.vcxproj /p:Configuration=Debug /p:Platform=x64 /p:VisualStudioVersion=17.0 /v:m && MSBuild version 17.4.1+9a89d02ff for .NET Framework
  Microsoft (R) C/C++ Optimizing Compiler Version 19.34.31937 for x64
  Copyright (C) Microsoft Corporation.  All rights reserved.
  CheckFunctionExists.c
  cl /c /Zi /W3 /WX- /diagnostics:column /Od /Ob0 /D _MBCS /D WIN32 /D _WINDOWS /D CHECK_FUNCTION_EXISTS=pthread_create /D "CMAKE_INTDIR=\"Debug\"" /Gm- /RTC1 /MDd /GS /fp:precise /Zc:wchar_t /Zc:forScope /Zc:inline /Fo"cmTC_c3acd.dir\Debug\\" /Fd"cmTC_c3acd.dir\Debug\vc143.pdb" /external:W3 /Gd /TC /errorReport:queue "C:\Users\wdwe_\Documents\GitHub\DanielsAst390\build\CMakeFiles\CMakeScratch\TryCompile-1vyw26\CheckFunctionExists.c"
LINK : fatal error LNK1104: cannot open file 'pthread.lib' [C:\Users\wdwe_\Documents\GitHub\DanielsAst390\build\CMakeFiles\CMakeScratch\TryCompile-1vyw26\cmTC_c3acd.vcxproj]



